Build started 2018-09-19 14:36:51.
     1>Project "C:\Users\lan13ep1\Program\CG_Labs\build\src\EDAF80\EDAF80_Assignment1.vcxproj" on node 2 (Build target(s)).
     1>ClCompile:
         C:\Program Files (x86)\Microsoft Visual Studio 14.0\VC\bin\x86_amd64\CL.exe /c /IC:\Users\lan13ep1\Program\CG_Labs\code\src /IC:\Users\lan13ep1\Program\CG_Labs\build /IC:\Users\lan13ep1\Program\CG_Labs\code\src\external /I"C:\Users\lan13ep1\Program\CG_Labs\code\dependencies\imgui-install\include" /I"C:\Users\lan13ep1\Program\CG_Labs\code\dependencies\glfw-install\include" /I"C:\Users\lan13ep1\Program\CG_Labs\code\dependencies\glm-install\include" /I"C:\Users\lan13ep1\Program\CG_Labs\code\dependencies\tinyfiledialogs-source" /Zi /nologo /W3 /WX- /Od /Ob0 /D WIN32 /D _WINDOWS /D _DEBUG /D "CMAKE_INTDIR=\"Debug\"" /D _MBCS /Gm- /EHsc /RTC1 /MDd /GS /fp:precise /Zc:wchar_t /Zc:forScope /Zc:inline /GR /Fo"EDAF80_Assignment1.dir\Debug\\" /Fd"EDAF80_Assignment1.dir\Debug\vc140.pdb" /Gd /TP /errorReport:prompt C:\Users\lan13ep1\Program\CG_Labs\code\src\EDAF80\assignment1.cpp
         assignment1.cpp
     1>C:\Users\lan13ep1\Program\CG_Labs\code\src\EDAF80\assignment1.cpp(173): warning C4244: 'argument': conversion from 'double' to 'float', possible loss of data
       Link:
         C:\Program Files (x86)\Microsoft Visual Studio 14.0\VC\bin\x86_amd64\link.exe /ERRORREPORT:PROMPT /OUT:"C:\Users\lan13ep1\Program\CG_Labs\build\src\EDAF80\Debug\EDAF80_Assignment1.exe" /INCREMENTAL /NOLOGO /LIBPATH:"C:/Users/lan13ep1/Program/CG_Labs/code/dependencies/assimp-install/lib" /LIBPATH:"C:/Users/lan13ep1/Program/CG_Labs/code/dependencies/assimp-install/lib/Debug" kernel32.lib user32.lib gdi32.lib winspool.lib shell32.lib ole32.lib oleaut32.lib uuid.lib comdlg32.lib advapi32.lib ..\core\Debug\bonobo.lib "C:\Users\lan13ep1\Program\CG_Labs\code\dependencies\imgui-install\lib\imgui.lib" ..\external\Debug\external_libs.lib "C:\Users\lan13ep1\Program\CG_Labs\code\dependencies\imgui-install\lib\imgui.lib" "C:\Users\lan13ep1\Program\CG_Labs\code\dependencies\glfw-install\lib\glfw3.lib" "assimp-vc140-mt.lib" /MANIFEST /MANIFESTUAC:"level='asInvoker' uiAccess='false'" /manifest:embed /DEBUG /PDB:"C:/Users/lan13ep1/Program/CG_Labs/build/src/EDAF80/Debug/EDAF80_Assignment1.pdb" /SUBSYSTEM:CONSOLE /TLBID:1 /DYNAMICBASE /NXCOMPAT /IMPLIB:"C:/Users/lan13ep1/Program/CG_Labs/build/src/EDAF80/Debug/EDAF80_Assignment1.lib" /MACHINE:X64  /machine:x64 EDAF80_Assignment1.dir\Debug\assignment1.obj
         EDAF80_Assignment1.dir\Debug\interpolation.obj
         EDAF80_Assignment1.dir\Debug\parametric_shapes.obj
         EDAF80_Assignment1.dir\Debug\tinyfiledialogs.obj
     1>LINK : warning LNK4098: defaultlib 'MSVCRT' conflicts with use of other libs; use /NODEFAULTLIB:library
         EDAF80_Assignment1.vcxproj -> C:\Users\lan13ep1\Program\CG_Labs\build\src\EDAF80\Debug\EDAF80_Assignment1.exe
       PostBuildEvent:
         setlocal
         "C:\Program Files\CMake\bin\cmake.exe" -E copy C:/Users/lan13ep1/Program/CG_Labs/code/dependencies/assimp-install/bin/assimp-vc140-mt.dll C:/Users/lan13ep1/Program/CG_Labs/build/src/EDAF80/Debug
         if %errorlevel% neq 0 goto :cmEnd
         :cmEnd
         endlocal & call :cmErrorLevel %errorlevel% & goto :cmDone
         :cmErrorLevel
         exit /b %1
         :cmDone
         if %errorlevel% neq 0 goto :VCEnd
         :VCEnd
     1>Done Building Project "C:\Users\lan13ep1\Program\CG_Labs\build\src\EDAF80\EDAF80_Assignment1.vcxproj" (Build target(s)).

Build succeeded.

Time Elapsed 00:00:03.38
